[debug] [2019-10-23T08:14:29.106Z] ----------------------------------------------------------------------
[debug] [2019-10-23T08:14:29.108Z] Command:       C:\Program Files\nodejs\node.exe C:\Users\siddi\AppData\Roaming\npm\node_modules\firebase-tools\lib\bin\firebase.js deploy --only functions
[debug] [2019-10-23T08:14:29.108Z] CLI Version:   7.6.1
[debug] [2019-10-23T08:14:29.109Z] Platform:      win32
[debug] [2019-10-23T08:14:29.109Z] Node Version:  v10.11.0
[debug] [2019-10-23T08:14:29.117Z] Time:          Wed Oct 23 2019 13:14:29 GMT+0500 (Pakistan Standard Time)
[debug] [2019-10-23T08:14:29.117Z] ----------------------------------------------------------------------
[debug] [2019-10-23T08:14:29.117Z] 
[debug] [2019-10-23T08:14:29.135Z] > command requires scopes: ["email","openid","https://www.googleapis.com/auth/cloudplatformprojects.readonly","https://www.googleapis.com/auth/firebase","https://www.googleapis.com/auth/cloud-platform"]
[debug] [2019-10-23T08:14:29.136Z] > authorizing via signed-in user
[debug] [2019-10-23T08:14:29.136Z] [iam] checking project getfit-application for permissions ["cloudfunctions.functions.create","cloudfunctions.functions.delete","cloudfunctions.functions.get","cloudfunctions.functions.list","cloudfunctions.functions.update","cloudfunctions.operations.get","firebase.projects.get"]
[debug] [2019-10-23T08:14:29.138Z] > refreshing access token with scopes: ["email","https://www.googleapis.com/auth/cloud-platform","https://www.googleapis.com/auth/cloudplatformprojects.readonly","https://www.googleapis.com/auth/firebase","openid"]
[debug] [2019-10-23T08:14:29.139Z] >>> HTTP REQUEST POST https://www.googleapis.com/oauth2/v3/token  
 <request body omitted>
[debug] [2019-10-23T08:14:29.689Z] <<< HTTP RESPONSE 200
[debug] [2019-10-23T08:14:29.705Z] >>> HTTP REQUEST POST https://cloudresourcemanager.googleapis.com/v1/projects/getfit-application:testIamPermissions  

[debug] [2019-10-23T08:14:30.092Z] Error: getaddrinfo EAI_AGAIN cloudresourcemanager.googleapis.com cloudresourcemanager.googleapis.com:443
    at GetAddrInfoReqWrap.onlookup [as oncomplete] (dns.js:57:26)
[error] 
[error] Error: Server Error. getaddrinfo EAI_AGAIN cloudresourcemanager.googleapis.com cloudresourcemanager.googleapis.com:443
